[debug] [2022-05-17T11:45:32.289Z] ----------------------------------------------------------------------
[debug] [2022-05-17T11:45:32.291Z] Command:       /usr/local/bin/node /usr/local/bin/firebase init hosting:github
[debug] [2022-05-17T11:45:32.291Z] CLI Version:   10.9.2
[debug] [2022-05-17T11:45:32.291Z] Platform:      darwin
[debug] [2022-05-17T11:45:32.292Z] Node Version:  v14.16.0
[debug] [2022-05-17T11:45:32.302Z] Time:          Tue May 17 2022 14:45:32 GMT+0300 (Eastern European Summer Time)
[debug] [2022-05-17T11:45:32.302Z] ----------------------------------------------------------------------
[debug] 
[debug] [2022-05-17T11:45:32.372Z] > command requires scopes: ["email","openid","https://www.googleapis.com/auth/cloudplatformprojects.readonly","https://www.googleapis.com/auth/firebase","https://www.googleapis.com/auth/cloud-platform"]
[debug] [2022-05-17T11:45:32.373Z] > authorizing via signed-in user (corsaualex@gmail.com)
[info] 
     ######## #### ########  ######## ########     ###     ######  ########
     ##        ##  ##     ## ##       ##     ##  ##   ##  ##       ##
     ######    ##  ########  ######   ########  #########  ######  ######
     ##        ##  ##    ##  ##       ##     ## ##     ##       ## ##
     ##       #### ##     ## ######## ########  ##     ##  ######  ########

You're about to initialize a Firebase project in this directory:

  /Users/alexcorsau/online-cv

Before we get started, keep in mind:

  * You are initializing within an existing Firebase project directory

[info] 
=== Project Setup
[info] 
[info] First, let's associate this project directory with a Firebase project.
[info] You can create multiple project aliases by running firebase use --add, 
[info] but for now we'll just set up a default project.
[info] 
[debug] [2022-05-17T11:45:32.378Z] Using project from CLI flag: alexcorsau-onlinecv
[debug] [2022-05-17T11:45:32.379Z] > refreshing access token with scopes: []
[debug] [2022-05-17T11:45:32.379Z] >>> HTTP REQUEST POST https://www.googleapis.com/oauth2/v3/token  
 <request body omitted>
[debug] [2022-05-17T11:45:32.536Z] <<< HTTP RESPONSE 200 {"pragma":"no-cache","cache-control":"no-cache, no-store, max-age=0, must-revalidate","date":"Tue, 17 May 2022 11:45:32 GMT","expires":"Mon, 01 Jan 1990 00:00:00 GMT","content-type":"application/json; charset=utf-8","vary":"X-Origin, Referer, Origin,Accept-Encoding","server":"scaffolding on HTTPServer2","x-xss-protection":"0","x-frame-options":"SAMEORIGIN","x-content-type-options":"nosniff","alt-svc":"h3=\":443\"; ma=2592000,h3-29=\":443\"; ma=2592000,h3-Q050=\":443\"; ma=2592000,h3-Q046=\":443\"; ma=2592000,h3-Q043=\":443\"; ma=2592000,quic=\":443\"; ma=2592000; v=\"46,43\"","accept-ranges":"none","transfer-encoding":"chunked"}
[debug] [2022-05-17T11:45:32.618Z] >>> [apiv2][query] GET https://firebase.googleapis.com/v1beta1/projects/alexcorsau-onlinecv [none]
[debug] [2022-05-17T11:45:32.941Z] <<< [apiv2][status] GET https://firebase.googleapis.com/v1beta1/projects/alexcorsau-onlinecv 200
[debug] [2022-05-17T11:45:32.942Z] <<< [apiv2][body] GET https://firebase.googleapis.com/v1beta1/projects/alexcorsau-onlinecv {"projectId":"alexcorsau-onlinecv","projectNumber":"526702924562","displayName":"AlexCorsau","name":"projects/alexcorsau-onlinecv","resources":{"hostingSite":"alexcorsau-onlinecv"},"state":"ACTIVE"}
[info] i  Using project alexcorsau-onlinecv (AlexCorsau) 
[info] 
=== Hosting:github Setup
[info] 
[info] i  Detected a .git folder at /Users/alexcorsau/online-cv 
[info] i  Authorizing with GitHub to upload your service account to a GitHub repository's secrets store. 
[info] 
[info] Visit this URL on this device to log in:
[info] https://github.com/login/oauth/authorize?client_id=89cf50f02ac6aaed3484&state=684714633&redirect_uri=http%3A%2F%2Flocalhost%3A9005&scope=read%3Auser%20repo%20public_repo
[info] 
[info] Waiting for authentication...
[debug] [2022-05-17T11:45:34.221Z] >>> HTTP REQUEST POST https://github.com/login/oauth/access_token  
 {"client_id":"89cf50f02ac6aaed3484","client_secret":"3330d14abc895d9a74d5f17cd7a00711fa2c5bf0","code":"40cf9e76c08dba91ad9a","redirect_uri":"http://localhost:9005","state":"684714633"}
[debug] [2022-05-17T11:45:34.544Z] <<< HTTP RESPONSE 200 {"server":"GitHub.com","date":"Tue, 17 May 2022 11:45:34 GMT","content-type":"application/json; charset=utf-8","transfer-encoding":"chunked","vary":"X-PJAX, X-PJAX-Container, Turbo-Visit, Turbo-Frame, Accept-Encoding, Accept, X-Requested-With","permissions-policy":"interest-cohort=()","etag":"W/\"f2eecd53b96f761e89f7345e845e0067\"","cache-control":"max-age=0, private, must-revalidate","strict-transport-security":"max-age=31536000; includeSubdomains; preload","x-frame-options":"deny","x-content-type-options":"nosniff","x-xss-protection":"0","referrer-policy":"origin-when-cross-origin, strict-origin-when-cross-origin","expect-ct":"max-age=2592000, report-uri=\"https://api.github.com/_private/browser/errors\"","content-security-policy":"default-src 'none'; base-uri 'self'; block-all-mixed-content; child-src github.com/assets-cdn/worker/ gist.github.com/assets-cdn/worker/; connect-src 'self' uploads.github.com objects-origin.githubusercontent.com www.githubstatus.com collector.github.com raw.githubusercontent.com api.github.com github-cloud.s3.amazonaws.com github-production-repository-file-5c1aeb.s3.amazonaws.com github-production-upload-manifest-file-7fdce7.s3.amazonaws.com github-production-user-asset-6210df.s3.amazonaws.com cdn.optimizely.com logx.optimizely.com/v1/events translator.github.com *.actions.githubusercontent.com wss://*.actions.githubusercontent.com online.visualstudio.com/api/v1/locations github-production-repository-image-32fea6.s3.amazonaws.com github-production-release-asset-2e65be.s3.amazonaws.com insights.github.com wss://alive.github.com; font-src github.githubassets.com; form-action 'self' github.com gist.github.com objects-origin.githubusercontent.com; frame-ancestors 'none'; frame-src render.githubusercontent.com viewscreen.githubusercontent.com notebooks.githubusercontent.com; img-src 'self' data: github.githubassets.com identicons.github.com github-cloud.s3.amazonaws.com secured-user-images.githubusercontent.com/ *.githubusercontent.com; manifest-src 'self'; media-src github.com user-images.githubusercontent.com/; script-src github.githubassets.com; style-src 'unsafe-inline' github.githubassets.com; worker-src github.com/assets-cdn/worker/ gist.github.com/assets-cdn/worker/","x-github-request-id":"D09A:777F:D69CC5:E49C2D:62838ADE"}
[debug] [2022-05-17T11:45:34.551Z] >>> [apiv2][query] GET https://api.github.com/user [none]
[debug] [2022-05-17T11:45:34.834Z] <<< [apiv2][status] GET https://api.github.com/user 200
[debug] [2022-05-17T11:45:34.835Z] <<< [apiv2][body] GET https://api.github.com/user {"login":"alexcorsau","id":77393961,"node_id":"MDQ6VXNlcjc3MzkzOTYx","avatar_url":"https://avatars.githubusercontent.com/u/77393961?v=4","gravatar_id":"","url":"https://api.github.com/users/alexcorsau","html_url":"https://github.com/alexcorsau","followers_url":"https://api.github.com/users/alexcorsau/followers","following_url":"https://api.github.com/users/alexcorsau/following{/other_user}","gists_url":"https://api.github.com/users/alexcorsau/gists{/gist_id}","starred_url":"https://api.github.com/users/alexcorsau/starred{/owner}{/repo}","subscriptions_url":"https://api.github.com/users/alexcorsau/subscriptions","organizations_url":"https://api.github.com/users/alexcorsau/orgs","repos_url":"https://api.github.com/users/alexcorsau/repos","events_url":"https://api.github.com/users/alexcorsau/events{/privacy}","received_events_url":"https://api.github.com/users/alexcorsau/received_events","type":"User","site_admin":false,"name":null,"company":null,"blog":"","location":null,"email":null,"hireable":null,"bio":null,"twitter_username":null,"public_repos":9,"public_gists":0,"followers":0,"following":1,"created_at":"2021-01-13T13:07:36Z","updated_at":"2021-12-14T14:34:27Z","private_gists":0,"total_private_repos":0,"owned_private_repos":0,"disk_usage":54771,"collaborators":0,"two_factor_authentication":false,"plan":{"name":"free","space":976562499,"collaborators":0,"private_repos":10000}}
[info] 
[info] ✔  Success! Logged into GitHub as alexcorsau 
[info] 
